Classic Timing Analyzer report for problem3_17201066
Tue Dec 07 20:57:38 2021
Quartus II Version 8.1 Build 163 10/28/2008 SJ Web Edition


---------------------
; Table of Contents ;
---------------------
  1. Legal Notice
  2. Timing Analyzer Summary
  3. Timing Analyzer Settings
  4. Clock Settings Summary
  5. Clock Setup: 'Clk'
  6. tsu
  7. tco
  8. th
  9. Timing Analyzer Messages



----------------
; Legal Notice ;
----------------
Copyright (C) 1991-2008 Altera Corporation
Your use of Altera Corporation's design tools, logic functions 
and other software and tools, and its AMPP partner logic 
functions, and any output files from any of the foregoing 
(including device programming or simulation files), and any 
associated documentation or information are expressly subject 
to the terms and conditions of the Altera Program License 
Subscription Agreement, Altera MegaCore Function License 
Agreement, or other applicable license agreement, including, 
without limitation, that your use is for the sole purpose of 
programming logic devices manufactured by Altera and sold by 
Altera or its authorized distributors.  Please refer to the 
applicable agreement for further details.



+-----------------------------------------------------------------------------------------------------------------------------------------------------------+
; Timing Analyzer Summary                                                                                                                                   ;
+------------------------------+-------+---------------+------------------------------------------------+------+-----+------------+----------+--------------+
; Type                         ; Slack ; Required Time ; Actual Time                                    ; From ; To  ; From Clock ; To Clock ; Failed Paths ;
+------------------------------+-------+---------------+------------------------------------------------+------+-----+------------+----------+--------------+
; Worst-case tsu               ; N/A   ; None          ; 2.469 ns                                       ; w    ; y.B ; --         ; Clk      ; 0            ;
; Worst-case tco               ; N/A   ; None          ; 5.029 ns                                       ; y.D  ; z   ; Clk        ; --       ; 0            ;
; Worst-case th                ; N/A   ; None          ; -2.125 ns                                      ; w    ; y.A ; --         ; Clk      ; 0            ;
; Clock Setup: 'Clk'           ; N/A   ; None          ; Restricted to 500.00 MHz ( period = 2.000 ns ) ; y.A  ; y.B ; Clk        ; Clk      ; 0            ;
; Total number of failed paths ;       ;               ;                                                ;      ;     ;            ;          ; 0            ;
+------------------------------+-------+---------------+------------------------------------------------+------+-----+------------+----------+--------------+


+--------------------------------------------------------------------------------------------------------------------+
; Timing Analyzer Settings                                                                                           ;
+---------------------------------------------------------------------+--------------------+------+----+-------------+
; Option                                                              ; Setting            ; From ; To ; Entity Name ;
+---------------------------------------------------------------------+--------------------+------+----+-------------+
; Device Name                                                         ; EP2S15F484C3       ;      ;    ;             ;
; Timing Models                                                       ; Final              ;      ;    ;             ;
; Default hold multicycle                                             ; Same as Multicycle ;      ;    ;             ;
; Cut paths between unrelated clock domains                           ; On                 ;      ;    ;             ;
; Cut off read during write signal paths                              ; On                 ;      ;    ;             ;
; Cut off feedback from I/O pins                                      ; On                 ;      ;    ;             ;
; Report Combined Fast/Slow Timing                                    ; Off                ;      ;    ;             ;
; Ignore Clock Settings                                               ; Off                ;      ;    ;             ;
; Analyze latches as synchronous elements                             ; On                 ;      ;    ;             ;
; Enable Recovery/Removal analysis                                    ; Off                ;      ;    ;             ;
; Enable Clock Latency                                                ; Off                ;      ;    ;             ;
; Use TimeQuest Timing Analyzer                                       ; Off                ;      ;    ;             ;
; Number of source nodes to report per destination node               ; 10                 ;      ;    ;             ;
; Number of destination nodes to report                               ; 10                 ;      ;    ;             ;
; Number of paths to report                                           ; 200                ;      ;    ;             ;
; Report Minimum Timing Checks                                        ; Off                ;      ;    ;             ;
; Use Fast Timing Models                                              ; Off                ;      ;    ;             ;
; Report IO Paths Separately                                          ; Off                ;      ;    ;             ;
; Perform Multicorner Analysis                                        ; On                 ;      ;    ;             ;
; Reports the worst-case path for each clock domain and analysis      ; Off                ;      ;    ;             ;
; Removes common clock path pessimism (CCPP) during slack computation ; Off                ;      ;    ;             ;
; Output I/O Timing Endpoint                                          ; Near End           ;      ;    ;             ;
+---------------------------------------------------------------------+--------------------+------+----+-------------+


+------------------------------------------------------------------------------------------------------------------------------------------------------------------------------------+
; Clock Settings Summary                                                                                                                                                             ;
+-----------------+--------------------+----------+------------------+---------------+--------------+----------+-----------------------+---------------------+--------+--------------+
; Clock Node Name ; Clock Setting Name ; Type     ; Fmax Requirement ; Early Latency ; Late Latency ; Based on ; Multiply Base Fmax by ; Divide Base Fmax by ; Offset ; Phase offset ;
+-----------------+--------------------+----------+------------------+---------------+--------------+----------+-----------------------+---------------------+--------+--------------+
; Clk             ;                    ; User Pin ; None             ; 0.000 ns      ; 0.000 ns     ; --       ; N/A                   ; N/A                 ; N/A    ;              ;
+-----------------+--------------------+----------+------------------+---------------+--------------+----------+-----------------------+---------------------+--------+--------------+


+---------------------------------------------------------------------------------------------------------------------------------------------------------------------------------+
; Clock Setup: 'Clk'                                                                                                                                                              ;
+-------+------------------------------------------------+------+-----+------------+----------+-----------------------------+---------------------------+-------------------------+
; Slack ; Actual fmax (period)                           ; From ; To  ; From Clock ; To Clock ; Required Setup Relationship ; Required Longest P2P Time ; Actual Longest P2P Time ;
+-------+------------------------------------------------+------+-----+------------+----------+-----------------------------+---------------------------+-------------------------+
; N/A   ; Restricted to 500.00 MHz ( period = 2.000 ns ) ; y.A  ; y.B ; Clk        ; Clk      ; None                        ; None                      ; 0.535 ns                ;
; N/A   ; Restricted to 500.00 MHz ( period = 2.000 ns ) ; y.A  ; y.E ; Clk        ; Clk      ; None                        ; None                      ; 0.531 ns                ;
; N/A   ; Restricted to 500.00 MHz ( period = 2.000 ns ) ; y.C  ; y.D ; Clk        ; Clk      ; None                        ; None                      ; 0.528 ns                ;
; N/A   ; Restricted to 500.00 MHz ( period = 2.000 ns ) ; y.C  ; y.A ; Clk        ; Clk      ; None                        ; None                      ; 0.528 ns                ;
; N/A   ; Restricted to 500.00 MHz ( period = 2.000 ns ) ; y.B  ; y.C ; Clk        ; Clk      ; None                        ; None                      ; 0.526 ns                ;
; N/A   ; Restricted to 500.00 MHz ( period = 2.000 ns ) ; y.B  ; y.F ; Clk        ; Clk      ; None                        ; None                      ; 0.520 ns                ;
; N/A   ; Restricted to 500.00 MHz ( period = 2.000 ns ) ; y.D  ; y.B ; Clk        ; Clk      ; None                        ; None                      ; 0.430 ns                ;
; N/A   ; Restricted to 500.00 MHz ( period = 2.000 ns ) ; y.D  ; y.E ; Clk        ; Clk      ; None                        ; None                      ; 0.426 ns                ;
; N/A   ; Restricted to 500.00 MHz ( period = 2.000 ns ) ; y.F  ; y.D ; Clk        ; Clk      ; None                        ; None                      ; 0.421 ns                ;
; N/A   ; Restricted to 500.00 MHz ( period = 2.000 ns ) ; y.F  ; y.A ; Clk        ; Clk      ; None                        ; None                      ; 0.420 ns                ;
; N/A   ; Restricted to 500.00 MHz ( period = 2.000 ns ) ; y.E  ; y.F ; Clk        ; Clk      ; None                        ; None                      ; 0.418 ns                ;
; N/A   ; Restricted to 500.00 MHz ( period = 2.000 ns ) ; y.E  ; y.C ; Clk        ; Clk      ; None                        ; None                      ; 0.416 ns                ;
+-------+------------------------------------------------+------+-----+------------+----------+-----------------------------+---------------------------+-------------------------+


+-----------------------------------------------------------+
; tsu                                                       ;
+-------+--------------+------------+------+-----+----------+
; Slack ; Required tsu ; Actual tsu ; From ; To  ; To Clock ;
+-------+--------------+------------+------+-----+----------+
; N/A   ; None         ; 2.469 ns   ; w    ; y.B ; Clk      ;
; N/A   ; None         ; 2.463 ns   ; w    ; y.C ; Clk      ;
; N/A   ; None         ; 2.461 ns   ; w    ; y.D ; Clk      ;
; N/A   ; None         ; 2.373 ns   ; w    ; y.F ; Clk      ;
; N/A   ; None         ; 2.369 ns   ; w    ; y.E ; Clk      ;
; N/A   ; None         ; 2.364 ns   ; w    ; y.A ; Clk      ;
+-------+--------------+------------+------+-----+----------+


+------------------------------------------------------------+
; tco                                                        ;
+-------+--------------+------------+------+----+------------+
; Slack ; Required tco ; Actual tco ; From ; To ; From Clock ;
+-------+--------------+------------+------+----+------------+
; N/A   ; None         ; 5.029 ns   ; y.D  ; z  ; Clk        ;
+-------+--------------+------------+------+----+------------+


+-----------------------------------------------------------------+
; th                                                              ;
+---------------+-------------+-----------+------+-----+----------+
; Minimum Slack ; Required th ; Actual th ; From ; To  ; To Clock ;
+---------------+-------------+-----------+------+-----+----------+
; N/A           ; None        ; -2.125 ns ; w    ; y.A ; Clk      ;
; N/A           ; None        ; -2.130 ns ; w    ; y.E ; Clk      ;
; N/A           ; None        ; -2.134 ns ; w    ; y.F ; Clk      ;
; N/A           ; None        ; -2.222 ns ; w    ; y.D ; Clk      ;
; N/A           ; None        ; -2.224 ns ; w    ; y.C ; Clk      ;
; N/A           ; None        ; -2.230 ns ; w    ; y.B ; Clk      ;
+---------------+-------------+-----------+------+-----+----------+


+--------------------------+
; Timing Analyzer Messages ;
+--------------------------+
Info: *******************************************************************
Info: Running Quartus II Classic Timing Analyzer
    Info: Version 8.1 Build 163 10/28/2008 SJ Web Edition
    Info: Processing started: Tue Dec 07 20:57:38 2021
Info: Command: quartus_tan --read_settings_files=off --write_settings_files=off problem3_17201066 -c problem3_17201066 --timing_analysis_only
Warning: Found pins functioning as undefined clocks and/or memory enables
    Info: Assuming node "Clk" is an undefined clock
Info: Clock "Clk" Internal fmax is restricted to 500.0 MHz between source register "y.A" and destination register "y.B"
    Info: fmax restricted to clock pin edge rate 2.0 ns. Expand message to see actual delay path.
        Info: + Longest register to register delay is 0.535 ns
            Info: 1: + IC(0.000 ns) + CELL(0.000 ns) = 0.000 ns; Loc. = LCFF_X1_Y26_N23; Fanout = 2; REG Node = 'y.A'
            Info: 2: + IC(0.226 ns) + CELL(0.154 ns) = 0.380 ns; Loc. = LCCOMB_X1_Y26_N2; Fanout = 1; COMB Node = 'Selector1~23'
            Info: 3: + IC(0.000 ns) + CELL(0.155 ns) = 0.535 ns; Loc. = LCFF_X1_Y26_N3; Fanout = 2; REG Node = 'y.B'
            Info: Total cell delay = 0.309 ns ( 57.76 % )
            Info: Total interconnect delay = 0.226 ns ( 42.24 % )
        Info: - Smallest clock skew is 0.000 ns
            Info: + Shortest clock path from clock "Clk" to destination register is 2.483 ns
                Info: 1: + IC(0.000 ns) + CELL(0.854 ns) = 0.854 ns; Loc. = PIN_N20; Fanout = 1; CLK Node = 'Clk'
                Info: 2: + IC(0.343 ns) + CELL(0.000 ns) = 1.197 ns; Loc. = CLKCTRL_G3; Fanout = 6; COMB Node = 'Clk~clkctrl'
                Info: 3: + IC(0.668 ns) + CELL(0.618 ns) = 2.483 ns; Loc. = LCFF_X1_Y26_N3; Fanout = 2; REG Node = 'y.B'
                Info: Total cell delay = 1.472 ns ( 59.28 % )
                Info: Total interconnect delay = 1.011 ns ( 40.72 % )
            Info: - Longest clock path from clock "Clk" to source register is 2.483 ns
                Info: 1: + IC(0.000 ns) + CELL(0.854 ns) = 0.854 ns; Loc. = PIN_N20; Fanout = 1; CLK Node = 'Clk'
                Info: 2: + IC(0.343 ns) + CELL(0.000 ns) = 1.197 ns; Loc. = CLKCTRL_G3; Fanout = 6; COMB Node = 'Clk~clkctrl'
                Info: 3: + IC(0.668 ns) + CELL(0.618 ns) = 2.483 ns; Loc. = LCFF_X1_Y26_N23; Fanout = 2; REG Node = 'y.A'
                Info: Total cell delay = 1.472 ns ( 59.28 % )
                Info: Total interconnect delay = 1.011 ns ( 40.72 % )
        Info: + Micro clock to output delay of source is 0.094 ns
        Info: + Micro setup delay of destination is 0.090 ns
Info: tsu for register "y.B" (data pin = "w", clock pin = "Clk") is 2.469 ns
    Info: + Longest pin to register delay is 4.862 ns
        Info: 1: + IC(0.000 ns) + CELL(0.820 ns) = 0.820 ns; Loc. = PIN_E20; Fanout = 6; PIN Node = 'w'
        Info: 2: + IC(3.530 ns) + CELL(0.357 ns) = 4.707 ns; Loc. = LCCOMB_X1_Y26_N2; Fanout = 1; COMB Node = 'Selector1~23'
        Info: 3: + IC(0.000 ns) + CELL(0.155 ns) = 4.862 ns; Loc. = LCFF_X1_Y26_N3; Fanout = 2; REG Node = 'y.B'
        Info: Total cell delay = 1.332 ns ( 27.40 % )
        Info: Total interconnect delay = 3.530 ns ( 72.60 % )
    Info: + Micro setup delay of destination is 0.090 ns
    Info: - Shortest clock path from clock "Clk" to destination register is 2.483 ns
        Info: 1: + IC(0.000 ns) + CELL(0.854 ns) = 0.854 ns; Loc. = PIN_N20; Fanout = 1; CLK Node = 'Clk'
        Info: 2: + IC(0.343 ns) + CELL(0.000 ns) = 1.197 ns; Loc. = CLKCTRL_G3; Fanout = 6; COMB Node = 'Clk~clkctrl'
        Info: 3: + IC(0.668 ns) + CELL(0.618 ns) = 2.483 ns; Loc. = LCFF_X1_Y26_N3; Fanout = 2; REG Node = 'y.B'
        Info: Total cell delay = 1.472 ns ( 59.28 % )
        Info: Total interconnect delay = 1.011 ns ( 40.72 % )
Info: tco from clock "Clk" to destination pin "z" through register "y.D" is 5.029 ns
    Info: + Longest clock path from clock "Clk" to source register is 2.483 ns
        Info: 1: + IC(0.000 ns) + CELL(0.854 ns) = 0.854 ns; Loc. = PIN_N20; Fanout = 1; CLK Node = 'Clk'
        Info: 2: + IC(0.343 ns) + CELL(0.000 ns) = 1.197 ns; Loc. = CLKCTRL_G3; Fanout = 6; COMB Node = 'Clk~clkctrl'
        Info: 3: + IC(0.668 ns) + CELL(0.618 ns) = 2.483 ns; Loc. = LCFF_X1_Y26_N17; Fanout = 3; REG Node = 'y.D'
        Info: Total cell delay = 1.472 ns ( 59.28 % )
        Info: Total interconnect delay = 1.011 ns ( 40.72 % )
    Info: + Micro clock to output delay of source is 0.094 ns
    Info: + Longest register to pin delay is 2.452 ns
        Info: 1: + IC(0.000 ns) + CELL(0.000 ns) = 0.000 ns; Loc. = LCFF_X1_Y26_N17; Fanout = 3; REG Node = 'y.D'
        Info: 2: + IC(0.490 ns) + CELL(1.962 ns) = 2.452 ns; Loc. = PIN_D18; Fanout = 0; PIN Node = 'z'
        Info: Total cell delay = 1.962 ns ( 80.02 % )
        Info: Total interconnect delay = 0.490 ns ( 19.98 % )
Info: th for register "y.A" (data pin = "w", clock pin = "Clk") is -2.125 ns
    Info: + Longest clock path from clock "Clk" to destination register is 2.483 ns
        Info: 1: + IC(0.000 ns) + CELL(0.854 ns) = 0.854 ns; Loc. = PIN_N20; Fanout = 1; CLK Node = 'Clk'
        Info: 2: + IC(0.343 ns) + CELL(0.000 ns) = 1.197 ns; Loc. = CLKCTRL_G3; Fanout = 6; COMB Node = 'Clk~clkctrl'
        Info: 3: + IC(0.668 ns) + CELL(0.618 ns) = 2.483 ns; Loc. = LCFF_X1_Y26_N23; Fanout = 2; REG Node = 'y.A'
        Info: Total cell delay = 1.472 ns ( 59.28 % )
        Info: Total interconnect delay = 1.011 ns ( 40.72 % )
    Info: + Micro hold delay of destination is 0.149 ns
    Info: - Shortest pin to register delay is 4.757 ns
        Info: 1: + IC(0.000 ns) + CELL(0.820 ns) = 0.820 ns; Loc. = PIN_E20; Fanout = 6; PIN Node = 'w'
        Info: 2: + IC(3.510 ns) + CELL(0.272 ns) = 4.602 ns; Loc. = LCCOMB_X1_Y26_N22; Fanout = 1; COMB Node = 'Selector0~14'
        Info: 3: + IC(0.000 ns) + CELL(0.155 ns) = 4.757 ns; Loc. = LCFF_X1_Y26_N23; Fanout = 2; REG Node = 'y.A'
        Info: Total cell delay = 1.247 ns ( 26.21 % )
        Info: Total interconnect delay = 3.510 ns ( 73.79 % )
Info: Quartus II Classic Timing Analyzer was successful. 0 errors, 1 warning
    Info: Peak virtual memory: 194 megabytes
    Info: Processing ended: Tue Dec 07 20:57:38 2021
    Info: Elapsed time: 00:00:00
    Info: Total CPU time (on all processors): 00:00:00


